[0.012s] Invoking command in '/home/josue/ros2_ws/src/pipecrawler/build/pipecrawler': CMAKE_PREFIX_PATH=${CMAKE_PREFIX_PATH}:/home/josue/ros2_ws/install/lgs_reel:/opt/ros/galactic /usr/bin/cmake /home/josue/ros2_ws/src/pipecrawler -DCMAKE_INSTALL_PREFIX=/home/josue/ros2_ws/src/pipecrawler/install/pipecrawler
[0.130s] -- The C compiler identification is GNU 9.4.0
[0.267s] -- The CXX compiler identification is GNU 9.4.0
[0.271s] -- Check for working C compiler: /usr/bin/cc
[0.332s] -- Check for working C compiler: /usr/bin/cc -- works
[0.334s] -- Detecting C compiler ABI info
[0.395s] -- Detecting C compiler ABI info - done
[0.406s] -- Detecting C compile features
[0.406s] -- Detecting C compile features - done
[0.409s] -- Check for working CXX compiler: /usr/bin/c++
[0.508s] -- Check for working CXX compiler: /usr/bin/c++ -- works
[0.509s] -- Detecting CXX compiler ABI info
[0.604s] -- Detecting CXX compiler ABI info - done
[0.615s] -- Detecting CXX compile features
[0.616s] -- Detecting CXX compile features - done
[0.619s] -- Found ament_cmake: 1.1.5 (/opt/ros/galactic/share/ament_cmake/cmake)
[0.637s] -- Found PythonInterp: /home/josue/.platformio/penv/bin/python3 (found suitable version "3.8.10", minimum required is "3") 
[0.637s] -- Using PYTHON_EXECUTABLE: /home/josue/.platformio/penv/bin/python3
[0.735s] -- Found rosidl_default_generators: 1.1.1 (/opt/ros/galactic/share/rosidl_default_generators/cmake)
[0.738s] -- Using all available rosidl_typesupport_c: rosidl_typesupport_fastrtps_c;rosidl_typesupport_introspection_c
[0.747s] -- Found rosidl_adapter: 2.2.2 (/opt/ros/galactic/share/rosidl_adapter/cmake)
[0.893s] -- Found OpenSSL: /usr/lib/x86_64-linux-gnu/libcrypto.so (found version "1.1.1f")  
[0.938s] -- Found FastRTPS: /opt/ros/galactic/include  
[1.044s] -- Using all available rosidl_typesupport_cpp: rosidl_typesupport_fastrtps_cpp;rosidl_typesupport_introspection_cpp
[1.079s] -- Found std_msgs: 2.2.4 (/opt/ros/galactic/share/std_msgs/cmake)
[1.134s] -- Found PythonInterp: /home/josue/.platformio/penv/bin/python3 (found version "3.8.10") 
[1.186s] CMake Error at /opt/ros/galactic/share/rosidl_adapter/cmake/rosidl_adapt_interfaces.cmake:60 (message):
[1.186s]   execute_process(/home/josue/.platformio/penv/bin/python3 -m rosidl_adapter
[1.186s]   --package-name pipecrawler --arguments-file
[1.186s]   /home/josue/ros2_ws/src/pipecrawler/build/pipecrawler/rosidl_adapter__arguments__pipecrawler.json
[1.186s]   --output-dir
[1.186s]   /home/josue/ros2_ws/src/pipecrawler/build/pipecrawler/rosidl_adapter/pipecrawler
[1.186s]   --output-file
[1.187s]   /home/josue/ros2_ws/src/pipecrawler/build/pipecrawler/rosidl_adapter/pipecrawler.idls)
[1.187s]   returned error code 1:
[1.187s] 
[1.187s]   Traceback (most recent call last):
[1.187s] 
[1.187s]     File "/usr/lib/python3.8/runpy.py", line 194, in _run_module_as_main
[1.187s]       return _run_code(code, main_globals, None,
[1.187s]     File "/usr/lib/python3.8/runpy.py", line 87, in _run_code
[1.187s]       exec(code, run_globals)
[1.187s]     File "/opt/ros/galactic/lib/python3.8/site-packages/rosidl_adapter/__main__.py", line 19, in <module>
[1.187s]       sys.exit(main())
[1.187s]     File "/opt/ros/galactic/lib/python3.8/site-packages/rosidl_adapter/main.py", line 53, in main
[1.188s]       abs_idl_file = convert_to_idl(
[1.188s]     File "/opt/ros/galactic/lib/python3.8/site-packages/rosidl_adapter/__init__.py", line 18, in convert_to_idl
[1.188s]       from rosidl_adapter.msg import convert_msg_to_idl
[1.188s]     File "/opt/ros/galactic/lib/python3.8/site-packages/rosidl_adapter/msg/__init__.py", line 16, in <module>
[1.188s]       from rosidl_adapter.resource import expand_template
[1.188s]     File "/opt/ros/galactic/lib/python3.8/site-packages/rosidl_adapter/resource/__init__.py", line 19, in <module>
[1.188s]       import em
[1.188s] 
[1.188s]   ModuleNotFoundError: No module named 'em'
[1.188s] 
[1.188s] Call Stack (most recent call first):
[1.188s]   /opt/ros/galactic/share/rosidl_cmake/cmake/rosidl_generate_interfaces.cmake:130 (rosidl_adapt_interfaces)
[1.188s]   CMakeLists.txt:13 (rosidl_generate_interfaces)
[1.188s] 
[1.188s] 
[1.188s] -- Configuring incomplete, errors occurred!
[1.189s] See also "/home/josue/ros2_ws/src/pipecrawler/build/pipecrawler/CMakeFiles/CMakeOutput.log".
[1.193s] Invoked command in '/home/josue/ros2_ws/src/pipecrawler/build/pipecrawler' returned '1': CMAKE_PREFIX_PATH=${CMAKE_PREFIX_PATH}:/home/josue/ros2_ws/install/lgs_reel:/opt/ros/galactic /usr/bin/cmake /home/josue/ros2_ws/src/pipecrawler -DCMAKE_INSTALL_PREFIX=/home/josue/ros2_ws/src/pipecrawler/install/pipecrawler
