[0.125s] DEBUG:colcon:Command line arguments: ['/usr/bin/colcon', 'build']
[0.125s] DEBUG:colcon:Parsed command line arguments: Namespace(allow_overriding=[], ament_cmake_args=None, base_paths=['.'], build_base='build', catkin_cmake_args=None, catkin_skip_building_tests=False, cmake_args=None, cmake_clean_cache=False, cmake_clean_first=False, cmake_force_configure=False, cmake_target=None, cmake_target_skip_unavailable=False, continue_on_error=False, event_handlers=None, executor='parallel', ignore_user_meta=False, install_base='install', log_base=None, log_level=None, main=<bound method BuildVerb.main of <colcon_core.verb.build.BuildVerb object at 0x7fc3a83bb580>>, merge_install=False, metas=['./colcon.meta'], packages_above=None, packages_above_and_dependencies=None, packages_above_depth=None, packages_end=None, packages_ignore=None, packages_ignore_regex=None, packages_select=None, packages_select_build_failed=False, packages_select_by_dep=None, packages_select_regex=None, packages_select_test_failures=False, packages_skip=None, packages_skip_build_finished=False, packages_skip_by_dep=None, packages_skip_regex=None, packages_skip_test_passed=False, packages_skip_up_to=None, packages_start=None, packages_up_to=None, packages_up_to_regex=None, parallel_workers=12, paths=None, symlink_install=False, test_result_base=None, verb_extension=<colcon_core.verb.build.BuildVerb object at 0x7fc3a83bb580>, verb_name='build', verb_parser=<colcon_defaults.argument_parser.defaults.DefaultArgumentsDecorator object at 0x7fc3a83bbac0>)
[0.148s] Level 1:colcon.colcon_core.package_discovery:discover_packages(colcon_meta) check parameters
[0.148s] Level 1:colcon.colcon_core.package_discovery:discover_packages(recursive) check parameters
[0.148s] Level 1:colcon.colcon_core.package_discovery:discover_packages(ignore) check parameters
[0.148s] Level 1:colcon.colcon_core.package_discovery:discover_packages(path) check parameters
[0.148s] Level 1:colcon.colcon_core.package_discovery:discover_packages(colcon_meta) discover
[0.148s] Level 1:colcon.colcon_core.package_discovery:discover_packages(recursive) discover
[0.148s] INFO:colcon.colcon_core.package_discovery:Crawling recursively for packages in '/home/josue/ros2_ws/src/pipecrawler'
[0.148s] Level 1:colcon.colcon_core.package_identification:_identify(.) by extensions ['ignore', 'ignore_ament_install']
[0.148s] Level 1:colcon.colcon_core.package_identification:_identify(.) by extension 'ignore'
[0.148s] Level 1:colcon.colcon_core.package_identification:_identify(.) by extension 'ignore_ament_install'
[0.148s] Level 1:colcon.colcon_core.package_identification:_identify(.) by extensions ['colcon_pkg']
[0.148s] Level 1:colcon.colcon_core.package_identification:_identify(.) by extension 'colcon_pkg'
[0.148s] Level 1:colcon.colcon_core.package_identification:_identify(.) by extensions ['colcon_meta']
[0.148s] Level 1:colcon.colcon_core.package_identification:_identify(.) by extension 'colcon_meta'
[0.148s] Level 1:colcon.colcon_core.package_identification:_identify(.) by extensions ['ros']
[0.148s] Level 1:colcon.colcon_core.package_identification:_identify(.) by extension 'ros'
[0.162s] DEBUG:colcon.colcon_core.package_identification:Package '.' with type 'ros.ament_cmake' and name 'pipecrawler'
[0.162s] Level 1:colcon.colcon_core.package_discovery:discover_packages(recursive) using defaults
[0.162s] Level 1:colcon.colcon_core.package_discovery:discover_packages(ignore) discover
[0.162s] Level 1:colcon.colcon_core.package_discovery:discover_packages(ignore) using defaults
[0.162s] Level 1:colcon.colcon_core.package_discovery:discover_packages(path) discover
[0.162s] Level 1:colcon.colcon_core.package_discovery:discover_packages(path) using defaults
[0.178s] Level 1:colcon.colcon_core.package_discovery:discover_packages(prefix_path) check parameters
[0.179s] Level 1:colcon.colcon_core.package_discovery:discover_packages(prefix_path) discover
[0.181s] DEBUG:colcon.colcon_installed_package_information.package_discovery:Found 4 installed packages in /home/josue/ros2_ws/install
[0.182s] DEBUG:colcon.colcon_installed_package_information.package_discovery:Found 268 installed packages in /opt/ros/galactic
[0.183s] Level 1:colcon.colcon_core.package_discovery:discover_packages(prefix_path) using defaults
[0.267s] Level 5:colcon.colcon_core.verb:set package 'pipecrawler' build argument 'cmake_args' from command line to 'None'
[0.267s] Level 5:colcon.colcon_core.verb:set package 'pipecrawler' build argument 'cmake_target' from command line to 'None'
[0.267s] Level 5:colcon.colcon_core.verb:set package 'pipecrawler' build argument 'cmake_target_skip_unavailable' from command line to 'False'
[0.267s] Level 5:colcon.colcon_core.verb:set package 'pipecrawler' build argument 'cmake_clean_cache' from command line to 'False'
[0.267s] Level 5:colcon.colcon_core.verb:set package 'pipecrawler' build argument 'cmake_clean_first' from command line to 'False'
[0.267s] Level 5:colcon.colcon_core.verb:set package 'pipecrawler' build argument 'cmake_force_configure' from command line to 'False'
[0.267s] Level 5:colcon.colcon_core.verb:set package 'pipecrawler' build argument 'ament_cmake_args' from command line to 'None'
[0.267s] Level 5:colcon.colcon_core.verb:set package 'pipecrawler' build argument 'catkin_cmake_args' from command line to 'None'
[0.267s] Level 5:colcon.colcon_core.verb:set package 'pipecrawler' build argument 'catkin_skip_building_tests' from command line to 'False'
[0.267s] DEBUG:colcon.colcon_core.verb:Building package 'pipecrawler' with the following arguments: {'ament_cmake_args': None, 'build_base': '/home/josue/ros2_ws/src/pipecrawler/build/pipecrawler', 'catkin_cmake_args': None, 'catkin_skip_building_tests': False, 'cmake_args': None, 'cmake_clean_cache': False, 'cmake_clean_first': False, 'cmake_force_configure': False, 'cmake_target': None, 'cmake_target_skip_unavailable': False, 'install_base': '/home/josue/ros2_ws/src/pipecrawler/install/pipecrawler', 'merge_install': False, 'path': '/home/josue/ros2_ws/src/pipecrawler', 'symlink_install': False, 'test_result_base': None}
[0.268s] INFO:colcon.colcon_core.executor:Executing jobs using 'parallel' executor
[0.269s] DEBUG:colcon.colcon_parallel_executor.executor.parallel:run_until_complete
[0.270s] INFO:colcon.colcon_ros.task.ament_cmake.build:Building ROS package in '/home/josue/ros2_ws/src/pipecrawler' with build type 'ament_cmake'
[0.270s] INFO:colcon.colcon_cmake.task.cmake.build:Building CMake package in '/home/josue/ros2_ws/src/pipecrawler'
[0.273s] INFO:colcon.colcon_core.plugin_system:Skipping extension 'colcon_core.shell.bat': Not used on non-Windows systems
[0.273s] INFO:colcon.colcon_core.shell:Skip shell extension 'powershell' for command environment: Not usable outside of PowerShell
[0.273s] DEBUG:colcon.colcon_core.shell:Skip shell extension 'dsv' for command environment
[0.282s] DEBUG:colcon.colcon_core.event_handler.log_command:Invoking command in '/home/josue/ros2_ws/src/pipecrawler/build/pipecrawler': CMAKE_PREFIX_PATH=${CMAKE_PREFIX_PATH}:/home/josue/ros2_ws/install/lgs_reel:/opt/ros/galactic /usr/bin/cmake /home/josue/ros2_ws/src/pipecrawler -DCMAKE_INSTALL_PREFIX=/home/josue/ros2_ws/src/pipecrawler/install/pipecrawler
[1.463s] DEBUG:colcon.colcon_core.event_handler.log_command:Invoked command in '/home/josue/ros2_ws/src/pipecrawler/build/pipecrawler' returned '1': CMAKE_PREFIX_PATH=${CMAKE_PREFIX_PATH}:/home/josue/ros2_ws/install/lgs_reel:/opt/ros/galactic /usr/bin/cmake /home/josue/ros2_ws/src/pipecrawler -DCMAKE_INSTALL_PREFIX=/home/josue/ros2_ws/src/pipecrawler/install/pipecrawler
[1.476s] Level 1:colcon.colcon_core.environment:create_environment_scripts_only(pipecrawler)
[1.480s] Level 1:colcon.colcon_core.environment:checking '/home/josue/ros2_ws/src/pipecrawler/install/pipecrawler' for CMake module files
[1.481s] Level 1:colcon.colcon_core.environment:checking '/home/josue/ros2_ws/src/pipecrawler/install/pipecrawler' for CMake config files
[1.481s] Level 1:colcon.colcon_core.environment:checking '/home/josue/ros2_ws/src/pipecrawler/install/pipecrawler/bin'
[1.481s] Level 1:colcon.colcon_core.environment:checking '/home/josue/ros2_ws/src/pipecrawler/install/pipecrawler/lib/pkgconfig/pipecrawler.pc'
[1.481s] Level 1:colcon.colcon_core.environment:checking '/home/josue/ros2_ws/src/pipecrawler/install/pipecrawler/lib/python3.8/site-packages'
[1.482s] Level 1:colcon.colcon_core.environment:checking '/home/josue/ros2_ws/src/pipecrawler/install/pipecrawler/bin'
[1.482s] INFO:colcon.colcon_core.shell:Creating package script '/home/josue/ros2_ws/src/pipecrawler/install/pipecrawler/share/pipecrawler/package.ps1'
[1.483s] INFO:colcon.colcon_core.shell:Creating package descriptor '/home/josue/ros2_ws/src/pipecrawler/install/pipecrawler/share/pipecrawler/package.dsv'
[1.483s] INFO:colcon.colcon_core.shell:Creating package script '/home/josue/ros2_ws/src/pipecrawler/install/pipecrawler/share/pipecrawler/package.sh'
[1.484s] INFO:colcon.colcon_core.shell:Creating package script '/home/josue/ros2_ws/src/pipecrawler/install/pipecrawler/share/pipecrawler/package.bash'
[1.484s] INFO:colcon.colcon_core.shell:Creating package script '/home/josue/ros2_ws/src/pipecrawler/install/pipecrawler/share/pipecrawler/package.zsh'
[1.485s] Level 1:colcon.colcon_core.environment:create_file_with_runtime_dependencies(/home/josue/ros2_ws/src/pipecrawler/install/pipecrawler/share/colcon-core/packages/pipecrawler)
[1.496s] DEBUG:colcon.colcon_parallel_executor.executor.parallel:closing loop
[1.496s] DEBUG:colcon.colcon_parallel_executor.executor.parallel:loop closed
[1.496s] DEBUG:colcon.colcon_parallel_executor.executor.parallel:run_until_complete finished with '1'
[1.497s] DEBUG:colcon.colcon_core.event_reactor:joining thread
[1.506s] INFO:colcon.colcon_core.plugin_system:Skipping extension 'colcon_notification.desktop_notification.terminal_notifier': Not used on non-Darwin systems
[1.506s] INFO:colcon.colcon_core.plugin_system:Skipping extension 'colcon_notification.desktop_notification.win32': Not used on non-Windows systems
[1.506s] INFO:colcon.colcon_notification.desktop_notification:Sending desktop notification using 'notify2'
[26.537s] DEBUG:colcon.colcon_notification.desktop_notification.notify2:Failed to initialize notify2: org.freedesktop.DBus.Error.NoReply: Did not receive a reply. Possible causes include: the remote application did not send a reply, the message bus security policy blocked the reply, the reply timeout expired, or the network connection was broken.
[26.537s] DEBUG:colcon.colcon_core.event_reactor:joined thread
[26.539s] INFO:colcon.colcon_core.shell:Creating prefix script '/home/josue/ros2_ws/src/pipecrawler/install/local_setup.ps1'
[26.542s] INFO:colcon.colcon_core.shell:Creating prefix util module '/home/josue/ros2_ws/src/pipecrawler/install/_local_setup_util_ps1.py'
[26.547s] INFO:colcon.colcon_core.shell:Creating prefix chain script '/home/josue/ros2_ws/src/pipecrawler/install/setup.ps1'
[26.551s] INFO:colcon.colcon_core.shell:Creating prefix script '/home/josue/ros2_ws/src/pipecrawler/install/local_setup.sh'
[26.553s] INFO:colcon.colcon_core.shell:Creating prefix util module '/home/josue/ros2_ws/src/pipecrawler/install/_local_setup_util_sh.py'
[26.555s] INFO:colcon.colcon_core.shell:Creating prefix chain script '/home/josue/ros2_ws/src/pipecrawler/install/setup.sh'
[26.559s] INFO:colcon.colcon_core.shell:Creating prefix script '/home/josue/ros2_ws/src/pipecrawler/install/local_setup.bash'
[26.561s] INFO:colcon.colcon_core.shell:Creating prefix chain script '/home/josue/ros2_ws/src/pipecrawler/install/setup.bash'
[26.565s] INFO:colcon.colcon_core.shell:Creating prefix script '/home/josue/ros2_ws/src/pipecrawler/install/local_setup.zsh'
[26.566s] INFO:colcon.colcon_core.shell:Creating prefix chain script '/home/josue/ros2_ws/src/pipecrawler/install/setup.zsh'
